<?xml version="1.0" encoding="UTF-8"?>
<testsuite name="com.springdemo.helloworld.CheckHTTPResponse" tests="1" skipped="0" failures="0" errors="0" timestamp="2024-04-27T14:17:30" hostname="TONY-LEGION" time="2.082">
  <properties/>
  <testcase name="shouldPassIfStringMatches()" classname="com.springdemo.helloworld.CheckHTTPResponse" time="2.082"/>
  <system-out><![CDATA[10:17:27.064 [Test worker] INFO org.springframework.test.context.support.AnnotationConfigContextLoaderUtils -- Could not detect default configuration classes for test class [com.springdemo.helloworld.CheckHTTPResponse]: CheckHTTPResponse does not declare any static, non-private, non-final, nested classes annotated with @Configuration.
10:17:27.294 [Test worker] INFO org.springframework.boot.test.context.SpringBootTestContextBootstrapper -- Found @SpringBootConfiguration com.springdemo.helloworld.HelloWorldApplication for test class com.springdemo.helloworld.CheckHTTPResponse

  .   ____          _            __ _ _
 /\\ / ___'_ __ _ _(_)_ __  __ _ \ \ \ \
( ( )\___ | '_ | '_| | '_ \/ _` | \ \ \ \
 \\/  ___)| |_)| | | | | || (_| |  ) ) ) )
  '  |____| .__|_| |_|_| |_\__, | / / / /
 =========|_|==============|___/=/_/_/_/
 :: Spring Boot ::                (v3.2.5)

2024-04-27T10:17:28.087-04:00  INFO 29192 --- [hello-world] [    Test worker] c.s.helloworld.CheckHTTPResponse         : Starting CheckHTTPResponse using Java 21.0.2 with PID 29192 (started by antho in C:\Users\antho\IdeaProjects\hello-world)
2024-04-27T10:17:28.087-04:00  INFO 29192 --- [hello-world] [    Test worker] c.s.helloworld.CheckHTTPResponse         : No active profile set, falling back to 1 default profile: "default"
2024-04-27T10:17:29.788-04:00  INFO 29192 --- [hello-world] [    Test worker] o.s.b.w.embedded.tomcat.TomcatWebServer  : Tomcat initialized with port 0 (http)
2024-04-27T10:17:29.821-04:00  INFO 29192 --- [hello-world] [    Test worker] o.apache.catalina.core.StandardService   : Starting service [Tomcat]
2024-04-27T10:17:29.821-04:00  INFO 29192 --- [hello-world] [    Test worker] o.apache.catalina.core.StandardEngine    : Starting Servlet engine: [Apache Tomcat/10.1.20]
2024-04-27T10:17:29.906-04:00  INFO 29192 --- [hello-world] [    Test worker] o.a.c.c.C.[Tomcat].[localhost].[/]       : Initializing Spring embedded WebApplicationContext
2024-04-27T10:17:29.906-04:00  INFO 29192 --- [hello-world] [    Test worker] w.s.c.ServletWebServerApplicationContext : Root WebApplicationContext: initialization completed in 1761 ms
2024-04-27T10:17:30.582-04:00  INFO 29192 --- [hello-world] [    Test worker] o.s.b.w.embedded.tomcat.TomcatWebServer  : Tomcat started on port 52242 (http) with context path ''
2024-04-27T10:17:30.590-04:00  INFO 29192 --- [hello-world] [    Test worker] c.s.helloworld.CheckHTTPResponse         : Started CheckHTTPResponse in 2.96 seconds (process running for 4.786)
2024-04-27T10:17:32.629-04:00  INFO 29192 --- [hello-world] [o-auto-1-exec-1] o.a.c.c.C.[Tomcat].[localhost].[/]       : Initializing Spring DispatcherServlet 'dispatcherServlet'
2024-04-27T10:17:32.629-04:00  INFO 29192 --- [hello-world] [o-auto-1-exec-1] o.s.web.servlet.DispatcherServlet        : Initializing Servlet 'dispatcherServlet'
2024-04-27T10:17:32.632-04:00  INFO 29192 --- [hello-world] [o-auto-1-exec-1] o.s.web.servlet.DispatcherServlet        : Completed initialization in 3 ms
]]></system-out>
  <system-err><![CDATA[WARNING: A Java agent has been loaded dynamically (C:\Users\antho\.gradle\caches\modules-2\files-2.1\net.bytebuddy\byte-buddy-agent\1.14.13\979ce25f7d3096a2e82214ba7dc972a05ce7a171\byte-buddy-agent-1.14.13.jar)
WARNING: If a serviceability tool is in use, please run with -XX:+EnableDynamicAgentLoading to hide this warning
WARNING: If a serviceability tool is not in use, please run with -Djdk.instrument.traceUsage for more information
WARNING: Dynamic loading of agents will be disallowed by default in a future release
]]></system-err>
</testsuite>
